   Compiling unicode-ident v1.0.14
    Checking cfg-if v1.0.0
    Checking once_cell v1.21.3
    Checking pin-project-lite v0.2.16
    Checking log v0.4.25
    Checking futures-core v0.3.31
    Checking serde_core v1.0.228
    Checking libc v0.2.175
    Checking slab v0.4.9
    Checking futures-io v0.3.31
    Checking memchr v2.7.4
    Checking zerocopy v0.8.27
   Compiling getrandom v0.2.15
   Compiling proc-macro2 v1.0.93
    Checking foldhash v0.1.5
    Checking crossbeam-utils v0.8.21
    Checking equivalent v1.0.1
    Checking tracing-core v0.1.33
    Checking scopeguard v1.2.0
    Checking hashbrown v0.15.2
   Compiling indexmap v2.11.1
    Checking libm v0.2.15
   Compiling const-random-macro v0.1.16
    Checking lock_api v0.4.13
   Compiling unicode-xid v0.2.6
    Checking zerocopy v0.7.35
   Compiling getrandom v0.3.3
    Checking parking v2.2.1
    Checking concurrent-queue v2.5.0
    Checking thread_local v1.1.9
    Checking const-random v0.1.18
   Compiling quote v1.0.38
    Checking allocator-api2 v0.2.21
    Checking fastrand v2.3.0
    Checking futures-sink v0.3.31
   Compiling toml_edit v0.22.27
    Checking bytes v1.9.0
    Checking typeid v1.0.3
   Compiling uuid v1.17.0
   Compiling syn v2.0.104
   Compiling syn v1.0.109
    Checking futures-lite v2.6.0
    Checking async-task v4.7.1
    Checking num-traits v0.2.19
    Checking itoa v1.0.14
    Checking disqualified v1.0.0
    Checking downcast-rs v1.2.1
    Checking bevy_ptr v0.15.3
    Checking ppv-lite86 v0.2.21
    Checking futures-channel v0.3.31
    Checking either v1.15.0
    Checking futures-task v0.3.31
    Checking rand_core v0.6.4
    Checking ahash v0.8.11
    Checking fixedbitset v0.4.2
    Checking pin-utils v0.1.0
    Checking nonmax v0.5.5
    Checking aho-corasick v1.1.3
    Checking regex-syntax v0.8.5
    Checking rand_chacha v0.3.1
    Checking fixedbitset v0.5.7
    Checking mio v1.0.3
    Checking socket2 v0.6.0
    Checking async-executor v1.13.2
    Checking signal-hook-registry v1.4.6
    Checking percent-encoding v2.3.1
    Checking rand v0.8.5
    Checking bevy_tasks v0.15.3
    Checking erased-serde v0.4.9
    Checking atomic-waker v1.1.2
    Checking typenum v1.18.0
    Checking libloading v0.8.6
    Checking stable_deref_trait v1.2.0
    Checking fnv v1.0.7
    Checking subtle v2.6.1
    Checking itertools v0.13.0
    Checking crossbeam-channel v0.5.15
    Checking arrayvec v0.7.6
    Checking unicode-width v0.1.14
    Checking raw-window-handle v0.6.2
    Checking termcolor v1.4.1
    Checking ahash v0.7.8
    Checking generic-array v0.14.7
    Checking rand_distr v0.4.3
    Checking event-listener v5.4.0
    Checking rustc-hash v1.1.0
    Checking linux-raw-sys v0.9.4
    Checking litemap v0.7.4
    Checking bit-vec v0.8.0
    Checking writeable v0.5.5
    Checking bit-set v0.8.0
    Checking event-listener-strategy v0.5.4
    Checking crypto-common v0.1.6
    Checking block-buffer v0.10.4
    Checking hashbrown v0.12.3
   Compiling tracing v0.1.41
    Checking regex-automata v0.4.9
    Checking typewit v1.14.2
    Checking codespan-reporting v0.11.1
    Checking hexf-parse v0.2.1
    Checking ryu v1.0.18
    Checking digest v0.10.7
    Checking static_assertions v1.1.0
    Checking const_panic v0.2.12
    Checking icu_locid_transform_data v1.5.0
    Checking khronos-egl v6.0.0
    Checking ash v0.38.0+1.3.281
    Checking async-channel v2.3.1
    Checking piper v0.2.4
    Checking glow v0.14.2
    Checking profiling v1.0.16
    Checking adler2 v2.0.0
    Checking icu_properties_data v1.5.0
    Checking renderdoc-sys v1.1.0
    Checking tinyvec_macros v0.1.1
    Checking miniz_oxide v0.8.3
    Checking blocking v1.6.1
    Checking zstd-sys v2.0.16+zstd.1.5.7
    Checking tinyvec v1.10.0
    Checking async-lock v3.4.1
    Checking httparse v1.9.5
    Checking pxfm v0.1.25
    Checking lazy_static v1.5.0
    Checking utf8_iter v1.0.4
    Checking event-listener v2.5.3
    Checking utf16_iter v1.0.5
    Checking accesskit v0.17.1
    Checking write16 v1.0.0
    Checking arrayref v0.3.9
    Checking constant_time_eq v0.3.1
    Checking cpufeatures v0.2.17
    Checking icu_normalizer_data v1.5.0
    Checking zeroize v1.8.1
    Checking base64 v0.21.7
    Checking blake3 v1.8.2
    Checking async-broadcast v0.5.1
    Checking rustls-pki-types v1.12.0
    Checking stackfuture v0.3.1
    Checking async-fs v2.2.0
   Compiling synstructure v0.13.1
   Compiling bevy_macro_utils v0.15.3
   Compiling encase_derive_impl v0.10.0
    Checking http v1.3.1
    Checking socket2 v0.5.8
    Checking crossbeam-epoch v0.9.18
    Checking regex v1.11.1
    Checking powerfmt v0.2.0
    Checking simdutf8 v0.1.5
    Checking regex-syntax v0.6.29
   Compiling untrusted v0.9.0
    Checking const_soft_float v0.1.4
   Compiling num-conv v0.1.0
    Checking byteorder-lite v0.1.0
   Compiling time-core v0.1.6
    Checking atomicow v1.1.0
   Compiling tokio v1.47.1
   Compiling ring v0.17.14
    Checking constgebra v0.1.4
    Checking crossbeam-deque v0.8.6
   Compiling time-macros v0.2.24
   Compiling proc-macro-error-attr v1.0.4
    Checking form_urlencoded v1.2.1
    Checking overload v0.1.1
    Checking bit-vec v0.6.3
    Checking alloc-no-stdlib v2.0.4
    Checking local-waker v0.1.4
   Compiling proc-macro-error v1.0.4
    Checking alloc-stdlib v0.2.2
    Checking nu-ansi-term v0.46.0
    Checking bit-set v0.5.3
    Checking http-body v1.0.1
   Compiling http v0.2.12
    Checking sharded-slab v0.1.7
   Compiling serde_derive v1.0.228
   Compiling tracing-attributes v0.1.30
   Compiling bytemuck_derive v1.9.3
   Compiling zerofrom-derive v0.1.5
   Compiling yoke-derive v0.7.5
   Compiling zerovec-derive v0.10.3
   Compiling displaydoc v0.2.5
   Compiling thiserror-impl v1.0.69
   Compiling derive_more-impl v1.0.0
   Compiling bevy_utils_proc_macros v0.15.3
    Checking bytemuck v1.21.0
   Compiling icu_provider_macros v1.5.0
   Compiling bevy_reflect_derive v0.15.1
   Compiling assert_type_match v0.1.1
   Compiling futures-macro v0.3.31
   Compiling bevy_ecs_macros v0.15.3
   Compiling bevy_derive v0.15.3
   Compiling tokio-macros v2.5.0
    Checking zerofrom v0.1.5
    Checking yoke v0.7.5
    Checking zerovec v0.10.4
    Checking thiserror v1.0.69
   Compiling ptr_meta_derive v0.1.4
    Checking futures-util v0.3.31
   Compiling encase_derive v0.10.0
   Compiling bytecheck_derive v0.6.12
    Checking ptr_meta v0.1.4
    Checking moxcms v0.7.9
    Checking tinystr v0.7.6
    Checking icu_collections v1.5.0
    Checking icu_locid v1.5.0
   Compiling bevy_asset_macros v0.15.3
    Checking regex-automata v0.1.10
    Checking serde v1.0.228
    Checking icu_provider v1.5.0
   Compiling rkyv_derive v0.7.45
    Checking rand_core v0.9.3
    Checking matchers v0.1.0
    Checking smallvec v1.15.1
    Checking bitflags v2.8.0
    Checking hashbrown v0.14.5
    Checking glam v0.29.3
    Checking parking_lot_core v0.9.11
    Checking smol_str v0.2.2
    Checking parking_lot v0.12.4
    Checking nix v0.30.1
    Checking rustix v1.0.7
    Checking petgraph v0.6.5
    Checking ctrlc v3.5.1
    Checking spirv v0.3.0+sdk-1.3.268.0
    Checking bevy_utils v0.15.3
    Checking gpu-descriptor-types v0.2.0
    Checking derive_more v1.0.0
    Checking gpu-alloc-types v0.3.0
    Checking wgpu-types v23.0.0
    Checking icu_locid_transform v1.5.0
    Checking gpu-descriptor v0.3.2
    Checking gpu-alloc v0.6.0
    Checking futures-executor v0.3.31
    Checking icu_properties v1.5.1
    Checking ron v0.8.1
    Checking naga v23.1.0
    Checking serde_json v1.0.140
    Checking image v0.25.9
    Checking bytecheck v0.6.12
    Checking deranged v0.5.3
    Checking rend v0.4.2
    Checking tracing-log v0.2.0
    Checking crc32fast v1.4.2
    Checking base64 v0.22.1
    Checking data-encoding v2.9.0
    Checking seahash v4.1.0
    Checking icu_normalizer v1.5.0
    Checking try-lock v0.2.5
    Checking gimli v0.31.1
    Checking mime v0.3.17
    Checking const-fnv1a-hash v1.1.0
    Checking time v0.3.43
    Checking want v0.3.1
    Checking tokio-util v0.7.13
    Checking idna_adapter v1.2.0
    Checking actix-rt v2.11.0
    Checking idna v1.0.3
    Checking url v2.5.4
    Checking flate2 v1.0.35
    Checking rkyv v0.7.45
    Checking tracing-subscriber v0.3.19
    Checking h2 v0.4.12
    Checking rand_chacha v0.9.0
    Checking bevy_reflect v0.15.1
    Checking encase v0.10.0
    Checking bevy_mikktspace v0.15.3
    Checking hexasphere v15.1.0
    Checking serde_urlencoded v0.7.1
    Checking font-types v0.7.3
    Checking rustls-webpki v0.103.5
   Compiling sct v0.7.1
   Compiling rustls-webpki v0.101.7
   Compiling bevy_render_macros v0.15.3
   Compiling bevy_encase_derive v0.15.3
   Compiling derive_more-impl v2.0.1
    Checking addr2line v0.24.2
   Compiling async-trait v0.1.89
    Checking brotli-decompressor v5.0.0
    Checking zstd-safe v7.2.4
    Checking object v0.36.7
    Checking actix-utils v3.0.1
    Checking sha1 v0.10.6
   Compiling bytestring v1.4.0
    Checking offset-allocator v0.2.0
    Checking actix-service v2.0.3
   Compiling regex-lite v0.1.7
    Checking linux-raw-sys v0.4.15
    Checking tower-service v0.3.3
    Checking rustc-demangle v0.1.24
    Checking brotli v8.0.2
   Compiling h2 v0.3.26
    Checking zstd v0.13.3
    Checking rustix v0.38.44
   Compiling rustls v0.21.12
    Checking naga_oil v0.16.0
   Compiling actix-router v0.5.3
    Checking wgpu-hal v23.0.1
   Compiling num-integer v0.1.46
    Checking rustls v0.23.31
    Checking read-fonts v0.22.7
    Checking rand v0.9.2
    Checking hyper v1.6.0
    Checking actix-codec v0.5.2
    Checking derive_more v2.0.1
    Checking indexmap v1.9.3
    Checking backtrace v0.3.74
    Checking rayon-core v1.13.0
    Checking polling v3.11.0
    Checking bevy_ecs v0.15.1
    Checking bevy_math v0.15.1
    Checking gethostname v1.0.2
    Checking futures v0.3.31
   Compiling http-body v0.4.6
    Checking local-channel v0.1.5
    Checking dlib v0.5.2
    Checking encoding_rs v0.8.35
    Checking as-raw-xcb-connection v1.0.1
    Checking xkeysym v0.2.1
    Checking unicode-linebreak v0.1.5
    Checking wgpu-core v23.0.1
    Checking anstyle v1.0.10
    Checking roxmltree v0.20.0
   Compiling httpdate v1.0.3
    Checking x11rb-protocol v0.13.2
    Checking language-tags v0.3.2
    Checking openssl-probe v0.1.5
    Checking xkbcommon-dl v0.4.2
    Checking rustls-native-certs v0.8.1
   Compiling hyper v0.14.32
   Compiling rustls-pemfile v1.0.4
    Checking tokio-rustls v0.26.2
    Checking fontconfig-parser v0.5.8
    Checking rayon v1.11.0
    Checking calloop v0.13.0
    Checking anyhow v1.0.99
    Checking opentelemetry_api v0.18.0
    Checking hyper-util v0.1.10
   Compiling tokio-rustls v0.24.1
   Compiling num-bigint v0.4.6
   Compiling actix-web-codegen v4.3.0
    Checking actix-http v3.11.1
    Checking x11-dl v2.21.0
    Checking skrifa v0.22.3
    Checking slotmap v1.0.7
    Checking cookie v0.16.2
    Checking actix-server v2.6.0
   Compiling utoipa-gen v4.3.1
   Compiling actix-macros v0.2.4
   Compiling pin-project-internal v1.1.10
   Compiling thiserror-impl v2.0.12
    Checking bevy_color v0.15.2
   Compiling enum-map-derive v0.17.0
    Checking wgpu v23.0.1
    Checking inout v0.1.4
    Checking euclid v0.22.11
    Checking memmap2 v0.9.9
    Checking sync_wrapper v1.0.2
    Checking unicode-script v0.5.7
    Checking yazi v0.1.6
    Checking ttf-parser v0.21.1
    Checking iana-time-zone v0.1.64
    Checking impl-more v0.1.9
    Checking cursor-icon v1.2.0
    Checking utf8parse v0.2.2
    Checking svg_fmt v0.4.5
    Checking dpi v0.1.2
    Checking tower-layer v0.3.3
    Checking unicode-bidi-mirroring v0.2.0
    Checking unicode-ccc v0.2.0
    Checking radsort v0.1.1
    Checking humantime v2.2.0
    Checking zeno v0.2.3
    Checking base64ct v1.8.0
    Checking ttf-parser v0.20.0
    Checking unsafe-libyaml v0.2.11
    Checking unicode-properties v0.1.4
    Checking thiserror v2.0.12
   Compiling rustls-native-certs v0.6.3
    Checking tower v0.5.2
    Checking password-hash v0.4.2
    Checking swash v0.1.19
    Checking guillotiere v0.6.2
    Checking bevy_app v0.15.1
    Checking anstyle-parse v0.2.6
    Checking pin-project v1.1.10
    Checking chrono v0.4.42
    Checking actix-web v4.11.0
    Checking cipher v0.4.4
   Compiling hyper-rustls v0.24.2
    Checking enum-map v2.7.3
    Checking serde_yaml v0.9.34+deprecated
   Compiling enum-ordinalize v3.1.15
    Checking hyper-rustls v0.27.7
    Checking opentelemetry_sdk v0.18.0
    Checking rustybuzz v0.14.1
    Checking bzip2-sys v0.1.13+1.0.8
    Checking bevy_core v0.15.1
    Checking bevy_asset v0.15.1
    Checking bevy_a11y v0.15.1
    Checking bevy_time v0.15.1
    Checking fontdb v0.16.2
    Checking zstd-safe v5.0.2+zstd.1.5.2
    Checking bevy_hierarchy v0.15.1
    Checking bevy_input v0.15.1
   Compiling snafu-derive v0.8.9
    Checking erased-serde v0.3.31
    Checking http-body-util v0.1.3
    Checking bevy_diagnostic v0.15.1
    Checking rustls-pemfile v2.2.0
    Checking bevy_transform v0.15.1
    Checking utoipa v4.2.3
    Checking sha2 v0.10.9
    Checking hmac v0.12.1
    Checking same-file v1.0.6
    Checking is_terminal_polyfill v1.70.1
    Checking colorchoice v1.0.3
    Checking rectangle-pack v0.4.2
    Checking anstyle-query v1.1.2
   Compiling ipnet v2.10.1
    Checking self_cell v1.2.1
    Checking unicode-segmentation v1.12.0
    Checking unicode-bidi v0.3.18
    Checking sys-locale v0.3.2
    Checking rangemap v1.7.0
    Checking reqwest v0.12.15
   Compiling proc-macro2-diagnostics v0.10.1
    Checking anstream v0.6.18
   Compiling tempfile v3.20.0
    Checking cosmic-text v0.12.1
    Checking walkdir v2.5.0
    Checking pbkdf2 v0.11.0
    Checking zstd v0.11.2+zstd.1.5.2
   Compiling reqwest v0.11.27
    Checking opentelemetry v0.18.0
    Checking bzip2 v0.4.4
    Checking snafu v0.8.9
    Checking bevy_log v0.15.1
   Compiling educe v0.4.23
    Checking x11rb v0.13.2
    Checking aes v0.8.4
    Checking terminal_size v0.4.3
    Checking quick-xml v0.37.5
    Checking bincode v1.3.3
    Checking bevy_window v0.15.1
    Checking safe_arch v0.7.4
   Compiling ctor v0.1.26
    Checking md-5 v0.10.6
    Checking feldera-types v0.98.0
    Checking approx v0.5.1
    Checking cache-padded v1.3.0
    Checking byteorder v1.5.0
    Checking web-time v1.1.0
    Checking clap_lex v0.7.4
    Checking constant_time_eq v0.1.5
    Checking strsim v0.11.1
   Compiling darling_core v0.10.2
    Checking zip v0.6.6
    Checking wide v0.7.33
    Checking bevy_image v0.15.1
    Checking minstant v0.1.7
    Checking clap_builder v4.5.26
   Compiling binrw_derive v0.13.3
    Checking tokio-serde v0.8.0
    Checking object_store v0.11.2
    Checking num-rational v0.4.2
   Compiling ouroboros_macro v0.18.5
    Checking winit v0.30.12
    Checking rtrb v0.2.3
   Compiling build_support v0.1.0 (/mnt/home/leynos/Projects/lille/build_support)
    Checking bevy_mesh v0.15.1
    Checking tracing-opentelemetry v0.18.0
    Checking num-iter v0.1.45
   Compiling clap_derive v4.5.24
    Checking ordered-float v3.9.2
    Checking dashmap v5.5.3
    Checking nix v0.27.1
   Compiling minitrace-macro v0.6.7
   Compiling ptr_meta_derive v0.2.0
    Checking bevy_render v0.15.1
   Compiling size-of-derive v0.1.2
   Compiling tarpc-plugins v0.12.0
    Checking num-complex v0.4.6
    Checking hashbrown v0.13.2
    Checking num_cpus v1.17.0
    Checking csv-core v0.1.12
    Checking crossbeam-queue v0.3.12
    Checking inventory v0.3.21
    Checking siphasher v1.0.1
    Checking array-init v2.1.0
    Checking accesskit_winit v0.23.1
    Checking aliasable v0.1.3
    Checking smawk v0.3.2
    Checking xxhash-rust v0.8.15
    Checking arcstr v1.2.0
    Checking bevy_winit v0.15.1
    Checking cty v0.2.2
    Checking ouroboros v0.18.5
    Checking textwrap v0.15.2
    Checking mimalloc-rust-sys v1.7.2
    Checking feldera-size-of v0.1.6
    Checking fastbloom v0.8.0
    Checking num v0.4.3
    Checking tarpc v0.33.0
    Checking feldera-ir v0.98.0
    Checking crossbeam v0.8.4
    Checking csv v1.3.1
    Checking core_affinity v0.8.3
   Compiling darling_macro v0.10.2
    Checking minitrace v0.6.7
    Checking ptr_meta v0.2.0
    Checking typedmap v0.3.1
    Checking crc32c v0.6.8
   Compiling lille v0.1.0 (/mnt/home/leynos/Projects/lille)
    Checking snap v1.1.1
    Checking ordered-float v4.6.0
    Checking fdlimit v0.3.0
    Checking clap v4.5.26
   Compiling impl-trait-for-tuples v0.2.3
   Compiling num-derive v0.4.2
    Checking num-format v0.4.4
    Checking metrics v0.23.1
    Checking itertools v0.14.0
    Checking is-terminal v0.4.16
    Checking dyn-clone v1.0.20
    Checking arc-swap v1.7.1
    Checking env_logger v0.10.2
   Compiling time-macros-impl v0.1.2
   Compiling darling v0.10.2
    Checking glam v0.30.5
    Checking predicates-core v1.0.9
   Compiling derive_builder_core v0.9.0
    Checking time-macros v0.1.1
    Checking standback v0.2.17
    Checking base64 v0.13.1
    Checking termtree v0.5.1
    Checking bitflags v1.3.2
    Checking sdd v3.0.8
    Checking ron v0.7.1
   Compiling derive_builder v0.9.0
    Checking scc v2.3.4
    Checking predicates-tree v1.0.12
    Checking time v0.2.27
    Checking binrw v0.13.3
   Compiling mockall_derive v0.13.1
    Checking predicates v3.1.3
   Compiling derive-new v0.5.9
   Compiling serial_test_derive v3.2.0
    Checking colored v2.2.0
    Checking similar v2.7.0
    Checking fragile v2.0.1
    Checking futures-timer v3.0.3
    Checking downcast v0.11.0
    Checking insta v1.43.1
    Checking rspec v1.0.0
    Checking serial_test v3.2.0
    Checking mockall v0.13.1
   Compiling rstest_macros v0.18.2
    Checking bevy_core_pipeline v0.15.1
    Checking bevy_picking v0.15.1
    Checking feldera-storage v0.98.0
    Checking dbsp v0.98.0
    Checking rstest v0.18.2
    Checking bevy_sprite v0.15.1
    Checking bevy_text v0.15.1
    Checking bevy_internal v0.15.1
    Checking bevy v0.15.1
    Checking test_utils v0.1.0 (/mnt/home/leynos/Projects/lille/test_utils)
    Finished `dev` profile [unoptimized + debuginfo] target(s) in 2m 16s
