    Checking crossbeam-deque v0.8.6
   Compiling standback v0.2.17
   Compiling proc-macro-hack v0.5.20+deprecated
   Compiling ident_case v1.0.1
   Compiling strsim v0.9.3
   Compiling build_support v0.1.0 (/mnt/home/leynos/Projects/lille/build_support)
   Compiling proc-macro2 v1.0.93
   Compiling aho-corasick v1.1.3
   Compiling regex-syntax v0.8.5
   Compiling rayon-core v1.13.0
   Compiling const_fn v0.4.11
   Compiling rstest_macros v0.18.2
   Compiling darling_core v0.10.2
    Checking crossbeam v0.8.4
    Checking dbsp v0.98.0
   Compiling time v0.2.27
   Compiling derive_builder v0.9.0
    Checking predicates-core v1.0.9
   Compiling mockall_derive v0.13.1
    Checking termtree v0.5.1
   Compiling glob v0.3.2
    Checking bitflags v1.3.2
    Checking base64 v0.13.1
   Compiling relative-path v1.9.3
    Checking quote v1.0.38
    Checking sdd v3.0.8
    Checking ron v0.7.1
   Compiling lille v0.1.0 (/mnt/home/leynos/Projects/lille)
    Checking rayon v1.11.0
    Checking predicates-tree v1.0.12
    Checking syn v2.0.104
    Checking predicates v3.1.3
    Checking scc v2.3.4
   Compiling time-macros-impl v0.1.2
    Checking colored v2.2.0
   Compiling derive-new v0.5.9
   Compiling serial_test_derive v3.2.0
    Checking downcast v0.11.0
    Checking fragile v2.0.1
    Checking time-macros v0.1.1
    Checking futures-timer v3.0.3
    Checking similar v2.7.0
   Compiling regex-automata v0.4.9
    Checking insta v1.43.1
   Compiling darling_macro v0.10.2
    Checking serial_test v3.2.0
   Compiling darling v0.10.2
   Compiling derive_builder_core v0.9.0
    Checking mockall v0.13.1
    Checking rspec v1.0.0
   Compiling regex v1.11.1
    Checking rstest v0.18.2
    Checking test_utils v0.1.0 (/mnt/home/leynos/Projects/lille/test_utils)
    Finished `dev` profile [unoptimized + debuginfo] target(s) in 16.53s
