   Compiling lock_api v0.4.13
   Compiling bytemuck_derive v1.9.3
   Compiling bitflags v2.8.0
   Compiling unicode-xid v0.2.6
   Compiling base64 v0.21.7
   Compiling bit-vec v0.6.3
   Compiling codespan-reporting v0.11.1
   Compiling hexf-parse v0.2.1
   Compiling libloading v0.7.4
   Compiling khronos-egl v6.0.0
   Compiling piper v0.2.4
   Compiling encase_derive_impl v0.7.0
   Compiling glow v0.13.1
   Compiling parking_lot v0.12.4
   Compiling rustix v1.0.7
   Compiling bit-set v0.5.3
   Compiling spirv v0.3.0+sdk-1.3.268.0
   Compiling gpu-descriptor-types v0.1.2
   Compiling gpu-alloc-types v0.3.0
   Compiling ash v0.37.3+1.3.251
   Compiling gpu-descriptor v0.2.4
   Compiling wgpu-types v0.19.2
   Compiling renderdoc-sys v1.1.0
   Compiling tokio v1.47.1
   Compiling gpu-alloc v0.6.0
   Compiling profiling v1.0.16
   Compiling blocking v1.6.1
   Compiling derive_more-impl v2.0.1
   Compiling async-lock v3.4.1
   Compiling const_soft_float v0.1.4
   Compiling naga v0.19.2
   Compiling constant_time_eq v0.3.1
   Compiling event-listener v2.5.3
   Compiling arrayref v0.3.9
   Compiling blake3 v1.8.2
   Compiling async-broadcast v0.5.1
   Compiling constgebra v0.1.4
   Compiling bytemuck v1.21.0
   Compiling rustix v0.38.44
   Compiling async-fs v2.2.0
   Compiling glam v0.25.0
   Compiling encase_derive v0.7.0
   Compiling ron v0.8.1
   Compiling bevy_asset_macros v0.13.2
   Compiling const_panic v0.2.12
   Compiling data-encoding v2.9.0
   Compiling color_quant v1.1.0
   Compiling xkbcommon-dl v0.4.2
   Compiling bevy_encase_derive v0.13.2
